<?xml version="1.0" encoding="UTF-8"?>
<testng-results skipped="0" failed="0" total="1" passed="1">
  <reporter-output>
  </reporter-output>
  <suite name="Default suite" duration-ms="40192" started-at="2016-11-03T09:32:45Z" finished-at="2016-11-03T09:33:25Z">
    <groups>
    </groups>
    <test name="Default test" duration-ms="40192" started-at="2016-11-03T09:32:45Z" finished-at="2016-11-03T09:33:25Z">
      <class name="com.spi.testclasses.Driver">
        <test-method status="PASS" signature="openApplication()[pri:0, instance:com.spi.testclasses.Driver@756e4d]" name="openApplication" is-config="true" duration-ms="26477" started-at="2016-11-03T15:02:45Z" finished-at="2016-11-03T15:03:11Z">
          <reporter-output>
          </reporter-output>
        </test-method> <!-- openApplication -->
        <test-method status="PASS" signature="testMethod(java.lang.String)[pri:0, instance:com.spi.testclasses.Driver@756e4d]" name="testMethod" duration-ms="10653" started-at="2016-11-03T15:03:11Z" data-provider="getSheetName" finished-at="2016-11-03T15:03:22Z">
          <params>
            <param index="0">
              <value>
                <![CDATA[SearchBuses]]>
              </value>
            </param>
          </params>
          <reporter-output>
          </reporter-output>
        </test-method> <!-- testMethod -->
        <test-method status="PASS" signature="closeBrowser()[pri:0, instance:com.spi.testclasses.Driver@756e4d]" name="closeBrowser" is-config="true" duration-ms="2883" started-at="2016-11-03T15:03:22Z" finished-at="2016-11-03T15:03:25Z">
          <reporter-output>
          </reporter-output>
        </test-method> <!-- closeBrowser -->
      </class> <!-- com.spi.testclasses.Driver -->
    </test> <!-- Default test -->
  </suite> <!-- Default suite -->
</testng-results>
